<?xml version="1.0" encoding="UTF-8"?>
<!-- Generated by org.testng.reporters.JUnitReportReporter -->
<testsuite hostname="MSI" failures="0" tests="13" name="testpkg.parabank" time="67.573" errors="0" timestamp="2024-10-05T19:53:26 IST" skipped="0">
  <testcase classname="testpkg.parabank" name="responcecode" time="1.123"/>
  <system-out/>
  <testcase classname="testpkg.parabank" name="logocheck" time="0.660"/>
  <system-out/>
  <testcase classname="testpkg.parabank" name="indexpage" time="0.445"/>
  <system-out/>
  <testcase classname="testpkg.parabank" name="hamburgercheck" time="32.686"/>
  <system-out/>
  <testcase classname="testpkg.parabank" name="registercheck" time="2.834"/>
  <system-out/>
  <testcase classname="testpkg.parabank" name="logintest" time="10.112"/>
  <system-out/>
  <testcase classname="testpkg.parabank" name="buttonvisibilitycheck" time="0.064"/>
  <system-out/>
  <testcase classname="testpkg.parabank" name="buttonclickcheck" time="1.721"/>
  <system-out/>
  <testcase classname="testpkg.parabank" name="linktest" time="15.698"/>
  <system-out/>
  <testcase classname="testpkg.parabank" name="screenshot" time="0.105"/>
  <system-out/>
  <testcase classname="testpkg.parabank" name="asserttitlecomparison" time="0.008"/>
  <system-out/>
  <testcase classname="testpkg.parabank" name="mousehover" time="1.523"/>
  <system-out/>
  <testcase classname="testpkg.parabank" name="newwindow" time="0.594"/>
  <system-out/>
</testsuite> <!-- testpkg.parabank -->
