<?xml version="1.0" encoding="UTF-8"?>
<!-- Generated by org.testng.reporters.JUnitReportReporter -->
<testsuite hostname="MSI" failures="0" tests="12" name="BaseClass" time="74.038" errors="0" timestamp="2024-10-04T17:49:08 IST" skipped="0">
  <testcase classname="BaseClass" name="responcecode" time="0.958"/>
  <testcase classname="BaseClass" name="logocheck" time="0.893"/>
  <testcase classname="BaseClass" name="indexpage" time="0.432"/>
  <testcase classname="BaseClass" name="hamburgercheck" time="33.751"/>
  <testcase classname="BaseClass" name="registercheck" time="2.576"/>
  <testcase classname="BaseClass" name="logintest" time="9.290"/>
  <testcase classname="BaseClass" name="buttonvisibilitycheck" time="0.043"/>
  <testcase classname="BaseClass" name="buttonclickcheck" time="2.185"/>
  <testcase classname="BaseClass" name="linktest" time="21.544"/>
  <testcase classname="BaseClass" name="asserttitlecomparison" time="0.015"/>
  <testcase classname="BaseClass" name="mousehover" time="1.710"/>
  <testcase classname="BaseClass" name="newwindow" time="0.641"/>
</testsuite> <!-- BaseClass -->
