<?xml version="1.0" encoding="UTF-8"?>
<!-- Generated by org.testng.reporters.JUnitReportReporter -->
<testsuite hostname="MSI" failures="0" tests="13" name="test.Parabanktest" time="97.510" errors="0" timestamp="2024-10-05T19:46:38 IST" skipped="0">
  <testcase classname="test.Parabanktest" name="responcecode" time="1.137"/>
  <system-out/>
  <testcase classname="test.Parabanktest" name="logocheck" time="1.644"/>
  <system-out/>
  <testcase classname="test.Parabanktest" name="indexpage" time="0.506"/>
  <system-out/>
  <testcase classname="test.Parabanktest" name="hamburgercheck" time="59.828"/>
  <system-out/>
  <testcase classname="test.Parabanktest" name="registercheck" time="4.841"/>
  <system-out/>
  <testcase classname="test.Parabanktest" name="logintest" time="11.887"/>
  <system-out/>
  <testcase classname="test.Parabanktest" name="buttonvisibilitycheck" time="0.054"/>
  <system-out/>
  <testcase classname="test.Parabanktest" name="buttonclickcheck" time="1.825"/>
  <system-out/>
  <testcase classname="test.Parabanktest" name="linktest" time="12.918"/>
  <system-out/>
  <testcase classname="test.Parabanktest" name="screenshot" time="0.099"/>
  <system-out/>
  <testcase classname="test.Parabanktest" name="asserttitlecomparison" time="0.008"/>
  <system-out/>
  <testcase classname="test.Parabanktest" name="mousehover" time="1.503"/>
  <system-out/>
  <testcase classname="test.Parabanktest" name="newwindow" time="1.260"/>
  <system-out/>
</testsuite> <!-- test.Parabanktest -->
